<?xml version="1.0" encoding="UTF-8"?>
<!-- Generated by org.testng.reporters.JUnitXMLReporter -->
<testsuite hostname="P3A-HQHRXJ2" ignored="1" name="Smoke" tests="20" failures="4" timestamp="23 Sep 2019 04:36:51 GMT" time="20.451" errors="0">
  <testcase name="test2" time="0.019" classname="testngFeatures.DemoAssertion1"/>
  <testcase name="test4" time="0.025" classname="testngFeatures.DemoAssertion1"/>
  <testcase name="test5" time="0.032" classname="testngFeatures.DemoAssertion1"/>
  <testcase name="test1" time="0.044" classname="testngFeatures.DemoAssertion1">
    <failure type="java.lang.AssertionError" message="Does not match expected [Hi] but found [Hello]">
      <![CDATA[java.lang.AssertionError: Does not match expected [Hi] but found [Hello]
at testngFeatures.DemoAssertion1.test1(DemoAssertion1.java:15)
at java.util.concurrent.ThreadPoolExecutor.runWorker(Unknown Source)
at java.util.concurrent.ThreadPoolExecutor$Worker.run(Unknown Source)
at java.lang.Thread.run(Unknown Source)
... Removed 15 stack frames]]>
    </failure>
  </testcase> <!-- test1 -->
  <testcase name="test6" time="0.006" classname="testngFeatures.DemoAssertion1">
    <failure type="java.lang.AssertionError" message="intentionally failing the test">
      <![CDATA[java.lang.AssertionError: intentionally failing the test
at testngFeatures.DemoAssertion1.test6(DemoAssertion1.java:58)
at java.util.concurrent.ThreadPoolExecutor.runWorker(Unknown Source)
at java.util.concurrent.ThreadPoolExecutor$Worker.run(Unknown Source)
at java.lang.Thread.run(Unknown Source)
... Removed 11 stack frames]]>
    </failure>
  </testcase> <!-- test6 -->
  <testcase name="test3" time="0.051" classname="testngFeatures.DemoAssertion1"/>
  <testcase name="test7" time="0.002" classname="testngFeatures.DemoAssertion1">
    <failure type="java.lang.AssertionError" message="intentionally failing the test">
      <![CDATA[java.lang.AssertionError: intentionally failing the test
at testngFeatures.DemoAssertion1.test7(DemoAssertion1.java:68)
at java.util.concurrent.ThreadPoolExecutor.runWorker(Unknown Source)
at java.util.concurrent.ThreadPoolExecutor$Worker.run(Unknown Source)
at java.lang.Thread.run(Unknown Source)
... Removed 11 stack frames]]>
    </failure>
  </testcase> <!-- test7 -->
  <testcase name="f" time="0.004" classname="testngFeatures.NewTest"/>
  <testcase name="f" time="0.017" classname="testngFeatures.DemoSoftAssert">
    <failure type="java.lang.AssertionError" message="The following asserts failed:
	expected [12] but found [10],
	eroor MSG expected [true] but found [false]">
      <![CDATA[java.lang.AssertionError: The following asserts failed:
expected [12] but found [10],
eroor MSG expected [true] but found [false]
at testngFeatures.DemoSoftAssert.f(DemoSoftAssert.java:16)
at java.util.concurrent.ThreadPoolExecutor.runWorker(Unknown Source)
at java.util.concurrent.ThreadPoolExecutor$Worker.run(Unknown Source)
at java.lang.Thread.run(Unknown Source)
... Removed 11 stack frames]]>
    </failure>
  </testcase> <!-- f -->
  <testcase name="f" time="0.001" classname="testngFeatures.ExecutionSequence"/>
  <testcase name="login" time="0.003" classname="testngFeatures.DemoDataProvider"/>
  <testcase name="login" time="0.002" classname="testngFeatures.DemoDataProvider"/>
  <testcase name="login" time="0.004" classname="testngFeatures.DemoDataProvider"/>
  <testcase name="f" time="9.841" classname="testngFeatures.OpenMercury"/>
  <testcase name="openBrowser" time="0.001" classname="testngFeatures.MercuryApplication"/>
  <testcase name="openUrl" time="0.001" classname="testngFeatures.MercuryApplication"/>
  <testcase name="Login" time="0.001" classname="testngFeatures.MercuryApplication"/>
  <testcase name="searchFlight" time="0.001" classname="testngFeatures.MercuryApplication"/>
  <testcase name="logout" time="0.001" classname="testngFeatures.MercuryApplication"/>
  <testcase name="closeBrowser" time="0.001" classname="testngFeatures.MercuryApplication"/>
  <testcase name="bookflight" time="0.0" classname="testngFeatures.MercuryApplication">
    <ignored/>
  </testcase> <!-- bookflight -->
</testsuite> <!-- Smoke -->
