<html>
<head>
<title>TestNG:  Smoke</title>
<link href="../testng.css" rel="stylesheet" type="text/css" />
<link href="../my-testng.css" rel="stylesheet" type="text/css" />

<style type="text/css">
.log { display: none;} 
.stack-trace { display: none;} 
</style>
<script type="text/javascript">
<!--
function flip(e) {
  current = e.style.display;
  if (current == 'block') {
    e.style.display = 'none';
    return 0;
  }
  else {
    e.style.display = 'block';
    return 1;
  }
}

function toggleBox(szDivId, elem, msg1, msg2)
{
  var res = -1;  if (document.getElementById) {
    res = flip(document.getElementById(szDivId));
  }
  else if (document.all) {
    // this is the way old msie versions work
    res = flip(document.all[szDivId]);
  }
  if(elem) {
    if(res == 0) elem.innerHTML = msg1; else elem.innerHTML = msg2;
  }

}

function toggleAllBoxes() {
  if (document.getElementsByTagName) {
    d = document.getElementsByTagName('div');
    for (i = 0; i < d.length; i++) {
      if (d[i].className == 'log') {
        flip(d[i]);
      }
    }
  }
}

// -->
</script>

</head>
<body>
<h2 align='center'>Smoke</h2><table border='1' align="center">
<tr>
<td>Tests passed/Failed/Skipped:</td><td>16/4/0</td>
</tr><tr>
<td>Started on:</td><td>Mon Sep 23 10:06:30 IST 2019</td>
</tr>
<tr><td>Total time:</td><td>20 seconds (20451 ms)</td>
</tr><tr>
<td>Included groups:</td><td></td>
</tr><tr>
<td>Excluded groups:</td><td></td>
</tr>
</table><p/>
<small><i>(Hover the method name to see the test class name)</i></small><p/>
<table width='100%' border='1' class='invocation-failed'>
<tr><td colspan='4' align='center'><b>FAILED TESTS</b></td></tr>
<tr><td><b>Test method</b></td>
<td width="30%"><b>Exception</b></td>
<td width="10%"><b>Time (seconds)</b></td>
<td><b>Instance</b></td>
</tr>
<tr>
<td title='testngFeatures.DemoSoftAssert.f()'><b>f</b><br>Test class: testngFeatures.DemoSoftAssert</td>
<td><div><pre>java.lang.AssertionError: The following asserts failed:
	expected [12] but found [10],
	eroor MSG expected [true] but found [false]
	at testngFeatures.DemoSoftAssert.f(DemoSoftAssert.java:16)
	at java.util.concurrent.ThreadPoolExecutor.runWorker(Unknown Source)
	at java.util.concurrent.ThreadPoolExecutor$Worker.run(Unknown Source)
	at java.lang.Thread.run(Unknown Source)
... Removed 11 stack frames</pre></div><a href='#' onClick='toggleBox("stack-trace1019736558", this, "Click to show all stack frames", "Click to hide stack frames")'>Click to show all stack frames</a>
<div class='stack-trace' id='stack-trace1019736558'><pre>java.lang.AssertionError: The following asserts failed:
	expected [12] but found [10],
	eroor MSG expected [true] but found [false]
	at org.testng.asserts.SoftAssert.assertAll(SoftAssert.java:43)
	at testngFeatures.DemoSoftAssert.f(DemoSoftAssert.java:16)
	at sun.reflect.NativeMethodAccessorImpl.invoke0(Native Method)
	at sun.reflect.NativeMethodAccessorImpl.invoke(Unknown Source)
	at sun.reflect.DelegatingMethodAccessorImpl.invoke(Unknown Source)
	at java.lang.reflect.Method.invoke(Unknown Source)
	at org.testng.internal.MethodInvocationHelper.invokeMethod(MethodInvocationHelper.java:124)
	at org.testng.internal.Invoker.invokeMethod(Invoker.java:583)
	at org.testng.internal.Invoker.invokeTestMethod(Invoker.java:719)
	at org.testng.internal.Invoker.invokeTestMethods(Invoker.java:989)
	at org.testng.internal.TestMethodWorker.invokeTestMethods(TestMethodWorker.java:125)
	at org.testng.internal.TestMethodWorker.run(TestMethodWorker.java:109)
	at java.util.concurrent.ThreadPoolExecutor.runWorker(Unknown Source)
	at java.util.concurrent.ThreadPoolExecutor$Worker.run(Unknown Source)
	at java.lang.Thread.run(Unknown Source)
</pre></div></td>
<td>0</td>
<td>testngFeatures.DemoSoftAssert@7cd62f43</td></tr>
<tr>
<td title='testngFeatures.DemoAssertion1.test1()'><b>test1</b><br>Test class: testngFeatures.DemoAssertion1</td>
<td><div><pre>java.lang.AssertionError: Does not match expected [Hi] but found [Hello]
	at testngFeatures.DemoAssertion1.test1(DemoAssertion1.java:15)
	at java.util.concurrent.ThreadPoolExecutor.runWorker(Unknown Source)
	at java.util.concurrent.ThreadPoolExecutor$Worker.run(Unknown Source)
	at java.lang.Thread.run(Unknown Source)
... Removed 15 stack frames</pre></div><a href='#' onClick='toggleBox("stack-trace167034354", this, "Click to show all stack frames", "Click to hide stack frames")'>Click to show all stack frames</a>
<div class='stack-trace' id='stack-trace167034354'><pre>java.lang.AssertionError: Does not match expected [Hi] but found [Hello]
	at org.testng.Assert.fail(Assert.java:96)
	at org.testng.Assert.failNotEquals(Assert.java:776)
	at org.testng.Assert.assertEqualsImpl(Assert.java:137)
	at org.testng.Assert.assertEquals(Assert.java:118)
	at org.testng.Assert.assertEquals(Assert.java:453)
	at testngFeatures.DemoAssertion1.test1(DemoAssertion1.java:15)
	at sun.reflect.NativeMethodAccessorImpl.invoke0(Native Method)
	at sun.reflect.NativeMethodAccessorImpl.invoke(Unknown Source)
	at sun.reflect.DelegatingMethodAccessorImpl.invoke(Unknown Source)
	at java.lang.reflect.Method.invoke(Unknown Source)
	at org.testng.internal.MethodInvocationHelper.invokeMethod(MethodInvocationHelper.java:124)
	at org.testng.internal.Invoker.invokeMethod(Invoker.java:583)
	at org.testng.internal.Invoker.invokeTestMethod(Invoker.java:719)
	at org.testng.internal.Invoker.invokeTestMethods(Invoker.java:989)
	at org.testng.internal.TestMethodWorker.invokeTestMethods(TestMethodWorker.java:125)
	at org.testng.internal.TestMethodWorker.run(TestMethodWorker.java:109)
	at java.util.concurrent.ThreadPoolExecutor.runWorker(Unknown Source)
	at java.util.concurrent.ThreadPoolExecutor$Worker.run(Unknown Source)
	at java.lang.Thread.run(Unknown Source)
</pre></div></td>
<td>0</td>
<td>testngFeatures.DemoAssertion1@685cb137</td></tr>
<tr>
<td title='testngFeatures.DemoAssertion1.test6()'><b>test6</b><br>Test class: testngFeatures.DemoAssertion1</td>
<td><div><pre>java.lang.AssertionError: intentionally failing the test
	at testngFeatures.DemoAssertion1.test6(DemoAssertion1.java:58)
	at java.util.concurrent.ThreadPoolExecutor.runWorker(Unknown Source)
	at java.util.concurrent.ThreadPoolExecutor$Worker.run(Unknown Source)
	at java.lang.Thread.run(Unknown Source)
... Removed 11 stack frames</pre></div><a href='#' onClick='toggleBox("stack-trace447277676", this, "Click to show all stack frames", "Click to hide stack frames")'>Click to show all stack frames</a>
<div class='stack-trace' id='stack-trace447277676'><pre>java.lang.AssertionError: intentionally failing the test
	at org.testng.Assert.fail(Assert.java:96)
	at testngFeatures.DemoAssertion1.test6(DemoAssertion1.java:58)
	at sun.reflect.NativeMethodAccessorImpl.invoke0(Native Method)
	at sun.reflect.NativeMethodAccessorImpl.invoke(Unknown Source)
	at sun.reflect.DelegatingMethodAccessorImpl.invoke(Unknown Source)
	at java.lang.reflect.Method.invoke(Unknown Source)
	at org.testng.internal.MethodInvocationHelper.invokeMethod(MethodInvocationHelper.java:124)
	at org.testng.internal.Invoker.invokeMethod(Invoker.java:583)
	at org.testng.internal.Invoker.invokeTestMethod(Invoker.java:719)
	at org.testng.internal.Invoker.invokeTestMethods(Invoker.java:989)
	at org.testng.internal.TestMethodWorker.invokeTestMethods(TestMethodWorker.java:125)
	at org.testng.internal.TestMethodWorker.run(TestMethodWorker.java:109)
	at java.util.concurrent.ThreadPoolExecutor.runWorker(Unknown Source)
	at java.util.concurrent.ThreadPoolExecutor$Worker.run(Unknown Source)
	at java.lang.Thread.run(Unknown Source)
</pre></div></td>
<td>0</td>
<td>testngFeatures.DemoAssertion1@685cb137</td></tr>
<tr>
<td title='testngFeatures.DemoAssertion1.test7()'><b>test7</b><br>Test class: testngFeatures.DemoAssertion1</td>
<td><div><pre>java.lang.AssertionError: intentionally failing the test
	at testngFeatures.DemoAssertion1.test7(DemoAssertion1.java:68)
	at java.util.concurrent.ThreadPoolExecutor.runWorker(Unknown Source)
	at java.util.concurrent.ThreadPoolExecutor$Worker.run(Unknown Source)
	at java.lang.Thread.run(Unknown Source)
... Removed 11 stack frames</pre></div><a href='#' onClick='toggleBox("stack-trace5631924", this, "Click to show all stack frames", "Click to hide stack frames")'>Click to show all stack frames</a>
<div class='stack-trace' id='stack-trace5631924'><pre>java.lang.AssertionError: intentionally failing the test
	at org.testng.Assert.fail(Assert.java:96)
	at testngFeatures.DemoAssertion1.test7(DemoAssertion1.java:68)
	at sun.reflect.NativeMethodAccessorImpl.invoke0(Native Method)
	at sun.reflect.NativeMethodAccessorImpl.invoke(Unknown Source)
	at sun.reflect.DelegatingMethodAccessorImpl.invoke(Unknown Source)
	at java.lang.reflect.Method.invoke(Unknown Source)
	at org.testng.internal.MethodInvocationHelper.invokeMethod(MethodInvocationHelper.java:124)
	at org.testng.internal.Invoker.invokeMethod(Invoker.java:583)
	at org.testng.internal.Invoker.invokeTestMethod(Invoker.java:719)
	at org.testng.internal.Invoker.invokeTestMethods(Invoker.java:989)
	at org.testng.internal.TestMethodWorker.invokeTestMethods(TestMethodWorker.java:125)
	at org.testng.internal.TestMethodWorker.run(TestMethodWorker.java:109)
	at java.util.concurrent.ThreadPoolExecutor.runWorker(Unknown Source)
	at java.util.concurrent.ThreadPoolExecutor$Worker.run(Unknown Source)
	at java.lang.Thread.run(Unknown Source)
</pre></div></td>
<td>0</td>
<td>testngFeatures.DemoAssertion1@685cb137</td></tr>
</table><p>
<table width='100%' border='1' class='invocation-passed'>
<tr><td colspan='4' align='center'><b>PASSED TESTS</b></td></tr>
<tr><td><b>Test method</b></td>
<td width="30%"><b>Exception</b></td>
<td width="10%"><b>Time (seconds)</b></td>
<td><b>Instance</b></td>
</tr>
<tr>
<td title='testngFeatures.MercuryApplication.Login()'><b>Login</b><br>Test class: testngFeatures.MercuryApplication</td>
<td></td>
<td>0</td>
<td>testngFeatures.MercuryApplication@6d4b1c02</td></tr>
<tr>
<td title='testngFeatures.MercuryApplication.closeBrowser()'><b>closeBrowser</b><br>Test class: testngFeatures.MercuryApplication</td>
<td></td>
<td>0</td>
<td>testngFeatures.MercuryApplication@6d4b1c02</td></tr>
<tr>
<td title='testngFeatures.NewTest.f()'><b>f</b><br>Test class: testngFeatures.NewTest</td>
<td></td>
<td>0</td>
<td>testngFeatures.NewTest@6093dd95</td></tr>
<tr>
<td title='testngFeatures.ExecutionSequence.f()'><b>f</b><br>Test class: testngFeatures.ExecutionSequence</td>
<td></td>
<td>0</td>
<td>testngFeatures.ExecutionSequence@604ed9f0</td></tr>
<tr>
<td title='testngFeatures.OpenMercury.f()'><b>f</b><br>Test class: testngFeatures.OpenMercury</td>
<td></td>
<td>9</td>
<td>testngFeatures.OpenMercury@6a4f787b</td></tr>
<tr>
<td title='testngFeatures.DemoDataProvider.login()'><b>login</b><br>Test class: testngFeatures.DemoDataProvider<br>Parameters: Pratiksha, Kale</td>
<td></td>
<td>0</td>
<td>testngFeatures.DemoDataProvider@6a41eaa2</td></tr>
<tr>
<td title='testngFeatures.DemoDataProvider.login()'><b>login</b><br>Test class: testngFeatures.DemoDataProvider<br>Parameters: Sushma, Jadhav</td>
<td></td>
<td>0</td>
<td>testngFeatures.DemoDataProvider@6a41eaa2</td></tr>
<tr>
<td title='testngFeatures.DemoDataProvider.login()'><b>login</b><br>Test class: testngFeatures.DemoDataProvider<br>Parameters: Selenium, Testing</td>
<td></td>
<td>0</td>
<td>testngFeatures.DemoDataProvider@6a41eaa2</td></tr>
<tr>
<td title='testngFeatures.MercuryApplication.logout()'><b>logout</b><br>Test class: testngFeatures.MercuryApplication</td>
<td></td>
<td>0</td>
<td>testngFeatures.MercuryApplication@6d4b1c02</td></tr>
<tr>
<td title='testngFeatures.MercuryApplication.openBrowser()'><b>openBrowser</b><br>Test class: testngFeatures.MercuryApplication</td>
<td></td>
<td>0</td>
<td>testngFeatures.MercuryApplication@6d4b1c02</td></tr>
<tr>
<td title='testngFeatures.MercuryApplication.openUrl()'><b>openUrl</b><br>Test class: testngFeatures.MercuryApplication</td>
<td></td>
<td>0</td>
<td>testngFeatures.MercuryApplication@6d4b1c02</td></tr>
<tr>
<td title='testngFeatures.MercuryApplication.searchFlight()'><b>searchFlight</b><br>Test class: testngFeatures.MercuryApplication</td>
<td></td>
<td>0</td>
<td>testngFeatures.MercuryApplication@6d4b1c02</td></tr>
<tr>
<td title='testngFeatures.DemoAssertion1.test2()'><b>test2</b><br>Test class: testngFeatures.DemoAssertion1</td>
<td></td>
<td>0</td>
<td>testngFeatures.DemoAssertion1@685cb137</td></tr>
<tr>
<td title='testngFeatures.DemoAssertion1.test3()'><b>test3</b><br>Test class: testngFeatures.DemoAssertion1</td>
<td></td>
<td>0</td>
<td>testngFeatures.DemoAssertion1@685cb137</td></tr>
<tr>
<td title='testngFeatures.DemoAssertion1.test4()'><b>test4</b><br>Test class: testngFeatures.DemoAssertion1</td>
<td></td>
<td>0</td>
<td>testngFeatures.DemoAssertion1@685cb137</td></tr>
<tr>
<td title='testngFeatures.DemoAssertion1.test5()'><b>test5</b><br>Test class: testngFeatures.DemoAssertion1</td>
<td></td>
<td>0</td>
<td>testngFeatures.DemoAssertion1@685cb137</td></tr>
</table><p>
</body>
</html>